Log file opened on Sun Feb 27 02:32:56 2022
Host: node448.cm.cluster  pid: 19375  rank ID: 0  number of ranks:  1
                      :-) GROMACS - gmx mdrun, 2018.4 (-:

                            GROMACS is written by:
     Emile Apol      Rossen Apostolov      Paul Bauer     Herman J.C. Berendsen
    Par Bjelkmar    Aldert van Buuren   Rudi van Drunen     Anton Feenstra  
  Gerrit Groenhof    Aleksei Iupinov   Christoph Junghans   Anca Hamuraru   
 Vincent Hindriksen Dimitrios Karkoulis    Peter Kasson        Jiri Kraus    
  Carsten Kutzner      Per Larsson      Justin A. Lemkul    Viveca Lindahl  
  Magnus Lundborg   Pieter Meulenhoff    Erik Marklund      Teemu Murtola   
    Szilard Pall       Sander Pronk      Roland Schulz     Alexey Shvetsov  
   Michael Shirts     Alfons Sijbers     Peter Tieleman    Teemu Virolainen 
 Christian Wennberg    Maarten Wolf   
                           and the project leaders:
        Mark Abraham, Berk Hess, Erik Lindahl, and David van der Spoel

Copyright (c) 1991-2000, University of Groningen, The Netherlands.
Copyright (c) 2001-2017, The GROMACS development team at
Uppsala University, Stockholm University and
the Royal Institute of Technology, Sweden.
check out http://www.gromacs.org for more information.

GROMACS is free software; you can redistribute it and/or modify it
under the terms of the GNU Lesser General Public License
as published by the Free Software Foundation; either version 2.1
of the License, or (at your option) any later version.

GROMACS:      gmx mdrun, version 2018.4
Executable:   /home/aplatham2/Programs/gromacs-2018.4/bin/gmx_mpi
Data prefix:  /home/aplatham2/Programs/gromacs-2018.4
Working dir:  /nfs/pool002/users/aplatham2/ELP2/starting_config/V10_v2
Command line:
  gmx_mpi mdrun -deffnm min_eq -table /pool001/aplatham2/ELP/MOFF_tables/table_150MOFF.xvg -tablep /pool001/aplatham2/ELP/MOFF_tables/table_150smog.xvg

GROMACS version:    2018.4
Precision:          single
Memory model:       64 bit
MPI library:        MPI
OpenMP support:     enabled (GMX_OPENMP_MAX_THREADS = 64)
GPU support:        disabled
SIMD instructions:  AVX2_256
FFT library:        fftw-3.3.8-sse2-avx-avx2-avx2_128
RDTSCP usage:       enabled
TNG support:        enabled
Hwloc support:      hwloc-1.7
Tracing support:    disabled
Built on:           2018-12-21 00:53:11
Built by:           aplatham2@eofe7.cm.cluster [CMAKE]
Build OS/arch:      Linux 3.10.0-229.el7.x86_64 x86_64
Build CPU vendor:   Intel
Build CPU brand:    Intel(R) Xeon(R) CPU E5-2650 v3 @ 2.30GHz
Build CPU family:   6   Model: 63   Stepping: 2
Build CPU features: aes apic avx avx2 clfsh cmov cx8 cx16 f16c fma htt intel lahf mmx msr nonstop_tsc pcid pclmuldq pdcm pdpe1gb popcnt pse rdrnd rdtscp sse2 sse3 sse4.1 sse4.2 ssse3 tdt x2apic
C compiler:         /cm/shared/engaging/openmpi/2.0.3/bin/mpicc GNU 4.8.4
C compiler flags:    -march=core-avx2     -O3 -DNDEBUG -funroll-all-loops -fexcess-precision=fast  
C++ compiler:       /cm/shared/engaging/openmpi/2.0.3/bin/mpic++ GNU 4.8.4
C++ compiler flags:  -march=core-avx2    -std=c++11   -O3 -DNDEBUG -funroll-all-loops -fexcess-precision=fast  


Running on 1 node with total 28 cores, 28 logical cores
Hardware detected on host node448.cm.cluster (the node of MPI rank 0):
  CPU info:
    Vendor: Intel
    Brand:  Intel(R) Xeon(R) CPU E5-2690 v4 @ 2.60GHz
    Family: 6   Model: 79   Stepping: 1
    Features: aes apic avx avx2 clfsh cmov cx8 cx16 f16c fma hle htt intel lahf mmx msr nonstop_tsc pcid pclmuldq pdcm pdpe1gb popcnt pse rdrnd rdtscp rtm sse2 sse3 sse4.1 sse4.2 ssse3 tdt x2apic
  Hardware topology: Only logical processor count


++++ PLEASE READ AND CITE THE FOLLOWING REFERENCE ++++
M. J. Abraham, T. Murtola, R. Schulz, S. Páll, J. C. Smith, B. Hess, E.
Lindahl
GROMACS: High performance molecular simulations through multi-level
parallelism from laptops to supercomputers
SoftwareX 1 (2015) pp. 19-25
-------- -------- --- Thank You --- -------- --------


++++ PLEASE READ AND CITE THE FOLLOWING REFERENCE ++++
S. Páll, M. J. Abraham, C. Kutzner, B. Hess, E. Lindahl
Tackling Exascale Software Challenges in Molecular Dynamics Simulations with
GROMACS
In S. Markidis & E. Laure (Eds.), Solving Software Challenges for Exascale 8759 (2015) pp. 3-27
-------- -------- --- Thank You --- -------- --------


++++ PLEASE READ AND CITE THE FOLLOWING REFERENCE ++++
S. Pronk, S. Páll, R. Schulz, P. Larsson, P. Bjelkmar, R. Apostolov, M. R.
Shirts, J. C. Smith, P. M. Kasson, D. van der Spoel, B. Hess, and E. Lindahl
GROMACS 4.5: a high-throughput and highly parallel open source molecular
simulation toolkit
Bioinformatics 29 (2013) pp. 845-54
-------- -------- --- Thank You --- -------- --------


++++ PLEASE READ AND CITE THE FOLLOWING REFERENCE ++++
B. Hess and C. Kutzner and D. van der Spoel and E. Lindahl
GROMACS 4: Algorithms for highly efficient, load-balanced, and scalable
molecular simulation
J. Chem. Theory Comput. 4 (2008) pp. 435-447
-------- -------- --- Thank You --- -------- --------


++++ PLEASE READ AND CITE THE FOLLOWING REFERENCE ++++
D. van der Spoel, E. Lindahl, B. Hess, G. Groenhof, A. E. Mark and H. J. C.
Berendsen
GROMACS: Fast, Flexible and Free
J. Comp. Chem. 26 (2005) pp. 1701-1719
-------- -------- --- Thank You --- -------- --------


++++ PLEASE READ AND CITE THE FOLLOWING REFERENCE ++++
E. Lindahl and B. Hess and D. van der Spoel
GROMACS 3.0: A package for molecular simulation and trajectory analysis
J. Mol. Mod. 7 (2001) pp. 306-317
-------- -------- --- Thank You --- -------- --------


++++ PLEASE READ AND CITE THE FOLLOWING REFERENCE ++++
H. J. C. Berendsen, D. van der Spoel and R. van Drunen
GROMACS: A message-passing parallel molecular dynamics implementation
Comp. Phys. Comm. 91 (1995) pp. 43-56
-------- -------- --- Thank You --- -------- --------

Input Parameters:
   integrator                     = steep
   tinit                          = 0
   dt                             = 0.001
   nsteps                         = 10000
   init-step                      = 0
   simulation-part                = 1
   comm-mode                      = Linear
   nstcomm                        = 100
   bd-fric                        = 0
   ld-seed                        = 276998898
   emtol                          = 10
   emstep                         = 20
   niter                          = 20
   fcstep                         = 0
   nstcgsteep                     = 1000
   nbfgscorr                      = 10
   rtpi                           = 0.05
   nstxout                        = 0
   nstvout                        = 0
   nstfout                        = 0
   nstlog                         = 1000
   nstcalcenergy                  = 100
   nstenergy                      = 100
   nstxout-compressed             = 100
   compressed-x-precision         = 1000
   cutoff-scheme                  = Group
   nstlist                        = 20
   ns-type                        = Grid
   pbc                            = xyz
   periodic-molecules             = true
   verlet-buffer-tolerance        = 0.005
   rlist                          = 3
   coulombtype                    = User
   coulomb-modifier               = None
   rcoulomb-switch                = 0
   rcoulomb                       = 3
   epsilon-r                      = 1
   epsilon-rf                     = inf
   vdw-type                       = User
   vdw-modifier                   = None
   rvdw-switch                    = 1.5
   rvdw                           = 3
   DispCorr                       = No
   table-extension                = 20
   fourierspacing                 = 0.12
   fourier-nx                     = 0
   fourier-ny                     = 0
   fourier-nz                     = 0
   pme-order                      = 4
   ewald-rtol                     = 1e-05
   ewald-rtol-lj                  = 0.001
   lj-pme-comb-rule               = Geometric
   ewald-geometry                 = 0
   epsilon-surface                = 0
   implicit-solvent               = No
   gb-algorithm                   = Still
   nstgbradii                     = 1
   rgbradii                       = 1
   gb-epsilon-solvent             = 80
   gb-saltconc                    = 0
   gb-obc-alpha                   = 1
   gb-obc-beta                    = 0.8
   gb-obc-gamma                   = 4.85
   gb-dielectric-offset           = 0.009
   sa-algorithm                   = Ace-approximation
   sa-surface-tension             = 2.05016
   tcoupl                         = No
   nsttcouple                     = -1
   nh-chain-length                = 0
   print-nose-hoover-chain-variables = false
   pcoupl                         = No
   pcoupltype                     = Isotropic
   nstpcouple                     = -1
   tau-p                          = 1
   compressibility (3x3):
      compressibility[    0]={ 0.00000e+00,  0.00000e+00,  0.00000e+00}
      compressibility[    1]={ 0.00000e+00,  0.00000e+00,  0.00000e+00}
      compressibility[    2]={ 0.00000e+00,  0.00000e+00,  0.00000e+00}
   ref-p (3x3):
      ref-p[    0]={ 0.00000e+00,  0.00000e+00,  0.00000e+00}
      ref-p[    1]={ 0.00000e+00,  0.00000e+00,  0.00000e+00}
      ref-p[    2]={ 0.00000e+00,  0.00000e+00,  0.00000e+00}
   refcoord-scaling               = No
   posres-com (3):
      posres-com[0]= 0.00000e+00
      posres-com[1]= 0.00000e+00
      posres-com[2]= 0.00000e+00
   posres-comB (3):
      posres-comB[0]= 0.00000e+00
      posres-comB[1]= 0.00000e+00
      posres-comB[2]= 0.00000e+00
   QMMM                           = false
   QMconstraints                  = 0
   QMMMscheme                     = 0
   MMChargeScaleFactor            = 1
qm-opts:
   ngQM                           = 0
   constraint-algorithm           = Lincs
   continuation                   = false
   Shake-SOR                      = false
   shake-tol                      = 0.0001
   lincs-order                    = 4
   lincs-iter                     = 1
   lincs-warnangle                = 30
   nwall                          = 0
   wall-type                      = 9-3
   wall-r-linpot                  = -1
   wall-atomtype[0]               = -1
   wall-atomtype[1]               = -1
   wall-density[0]                = 0
   wall-density[1]                = 0
   wall-ewald-zfac                = 3
   pull                           = false
   awh                            = false
   rotation                       = false
   interactiveMD                  = false
   disre                          = No
   disre-weighting                = Conservative
   disre-mixed                    = false
   dr-fc                          = 1000
   dr-tau                         = 0
   nstdisreout                    = 100
   orire-fc                       = 0
   orire-tau                      = 0
   nstorireout                    = 100
   free-energy                    = no
   cos-acceleration               = 0
   deform (3x3):
      deform[    0]={ 0.00000e+00,  0.00000e+00,  0.00000e+00}
      deform[    1]={ 0.00000e+00,  0.00000e+00,  0.00000e+00}
      deform[    2]={ 0.00000e+00,  0.00000e+00,  0.00000e+00}
   simulated-tempering            = false
   swapcoords                     = no
   userint1                       = 0
   userint2                       = 0
   userint3                       = 0
   userint4                       = 0
   userreal1                      = 0
   userreal2                      = 0
   userreal3                      = 0
   userreal4                      = 0
   applied-forces:
     electric-field:
       x:
         E0                       = 0
         omega                    = 0
         t0                       = 0
         sigma                    = 0
       y:
         E0                       = 0
         omega                    = 0
         t0                       = 0
         sigma                    = 0
       z:
         E0                       = 0
         omega                    = 0
         t0                       = 0
         sigma                    = 0
grpopts:
   nrdf:        5997
   ref-t:           0
   tau-t:           0
annealing:          No
annealing-npoints:           0
   acc:	           0           0           0
   nfreeze:           N           N           N
   energygrp-flags[  0]: 0

Using 1 MPI process


Non-default thread affinity set probably by the OpenMP library,
disabling internal thread affinity

NOTE: This file uses the deprecated 'group' cutoff_scheme. This will be
removed in a future release when 'verlet' supports all interaction forms.

System total charge: 0.000
Potential shift: LJ r^-12: 0.000e+00 r^-6: 0.000e+00
Table routines are used for coulomb: true
Table routines are used for vdw:     true
Cut-off's:   NS: 3   Coulomb: 3   LJ: 3
Read user tables from /pool001/aplatham2/ELP/MOFF_tables/table_150MOFF.xvg with 15001 data points.
Tabscale = 500 points/nm

WARNING: For the 740 non-zero entries for table 0 in /pool001/aplatham2/ELP/MOFF_tables/table_150MOFF.xvg the forces deviate on average 60% from minus the numerical derivative of the potential


Initiating Steepest Descents
Started Steepest Descents on rank 0 Sun Feb 27 02:32:56 2022

Steepest Descents:
   Tolerance (Fmax)   =  1.00000e+01
   Number of steps    =        10000

Grid: 6 x 6 x 6 cells
           Step           Time
              0        0.00000

   Energies (kJ/mol)
           Bond          Angle        LJ (SR)   Coulomb (SR)      Potential
    2.86071e+03    1.18865e+03   -2.84695e+03    0.00000e+00    1.20242e+03
 Pressure (bar)
    0.00000e+00

           Step           Time
              1        1.00000

           Step           Time
              2        2.00000

           Step           Time
              3        3.00000

           Step           Time
              4        4.00000

           Step           Time
              5        5.00000

           Step           Time
              6        6.00000

           Step           Time
              7        7.00000

           Step           Time
              8        8.00000

           Step           Time
              9        9.00000

   Energies (kJ/mol)
           Bond          Angle        LJ (SR)   Coulomb (SR)      Potential
    1.60104e+03    1.30832e+03   -2.87883e+03    0.00000e+00    3.05239e+01
 Pressure (bar)
    0.00000e+00

           Step           Time
             10       10.00000

   Energies (kJ/mol)
           Bond          Angle        LJ (SR)   Coulomb (SR)      Potential
    1.55197e+03    7.93695e+02   -3.00357e+03    0.00000e+00   -6.57911e+02
 Pressure (bar)
    0.00000e+00

           Step           Time
             11       11.00000

           Step           Time
             12       12.00000

   Energies (kJ/mol)
           Bond          Angle        LJ (SR)   Coulomb (SR)      Potential
    1.30521e+03    3.34172e+02   -3.00337e+03    0.00000e+00   -1.36399e+03
 Pressure (bar)
    0.00000e+00

           Step           Time
             13       13.00000

           Step           Time
             14       14.00000

   Energies (kJ/mol)
           Bond          Angle        LJ (SR)   Coulomb (SR)      Potential
    1.25617e+03    2.26583e+02   -3.03965e+03    0.00000e+00   -1.55690e+03
 Pressure (bar)
    0.00000e+00

           Step           Time
             15       15.00000

   Energies (kJ/mol)
           Bond          Angle        LJ (SR)   Coulomb (SR)      Potential
    1.06512e+03    3.17690e+02   -3.04720e+03    0.00000e+00   -1.66438e+03
 Pressure (bar)
    0.00000e+00

           Step           Time
             16       16.00000

   Energies (kJ/mol)
           Bond          Angle        LJ (SR)   Coulomb (SR)      Potential
    1.05243e+03    2.43699e+02   -3.07731e+03    0.00000e+00   -1.78119e+03
 Pressure (bar)
    0.00000e+00

           Step           Time
             17       17.00000

           Step           Time
             18       18.00000

   Energies (kJ/mol)
           Bond          Angle        LJ (SR)   Coulomb (SR)      Potential
    9.72495e+02    1.91936e+02   -3.07872e+03    0.00000e+00   -1.91429e+03
 Pressure (bar)
    0.00000e+00

           Step           Time
             19       19.00000

   Energies (kJ/mol)
           Bond          Angle        LJ (SR)   Coulomb (SR)      Potential
    9.15041e+02    2.53822e+02   -3.10309e+03    0.00000e+00   -1.93423e+03
 Pressure (bar)
    0.00000e+00

           Step           Time
             20       20.00000

   Energies (kJ/mol)
           Bond          Angle        LJ (SR)   Coulomb (SR)      Potential
    8.39316e+02    2.00282e+02   -3.10167e+03    0.00000e+00   -2.06207e+03
 Pressure (bar)
    0.00000e+00

           Step           Time
             21       21.00000

           Step           Time
             22       22.00000

   Energies (kJ/mol)
           Bond          Angle        LJ (SR)   Coulomb (SR)      Potential
    8.32515e+02    1.49627e+02   -3.11439e+03    0.00000e+00   -2.13225e+03
 Pressure (bar)
    0.00000e+00

           Step           Time
             23       23.00000

   Energies (kJ/mol)
           Bond          Angle        LJ (SR)   Coulomb (SR)      Potential
    7.56859e+02    2.09911e+02   -3.11997e+03    0.00000e+00   -2.15320e+03
 Pressure (bar)
    0.00000e+00

           Step           Time
             24       24.00000

   Energies (kJ/mol)
           Bond          Angle        LJ (SR)   Coulomb (SR)      Potential
    7.55675e+02    1.48855e+02   -3.13167e+03    0.00000e+00   -2.22714e+03
 Pressure (bar)
    0.00000e+00

           Step           Time
             25       25.00000

           Step           Time
             26       26.00000

   Energies (kJ/mol)
           Bond          Angle        LJ (SR)   Coulomb (SR)      Potential
    7.19589e+02    1.46824e+02   -3.13506e+03    0.00000e+00   -2.26865e+03
 Pressure (bar)
    0.00000e+00

           Step           Time
             27       27.00000

   Energies (kJ/mol)
           Bond          Angle        LJ (SR)   Coulomb (SR)      Potential
    7.04261e+02    1.54892e+02   -3.14582e+03    0.00000e+00   -2.28667e+03
 Pressure (bar)
    0.00000e+00

           Step           Time
             28       28.00000

   Energies (kJ/mol)
           Bond          Angle        LJ (SR)   Coulomb (SR)      Potential
    6.67045e+02    1.54597e+02   -3.14762e+03    0.00000e+00   -2.32598e+03
 Pressure (bar)
    0.00000e+00

           Step           Time
             29       29.00000

           Step           Time
             30       30.00000

   Energies (kJ/mol)
           Bond          Angle        LJ (SR)   Coulomb (SR)      Potential
    6.64288e+02    1.19647e+02   -3.15441e+03    0.00000e+00   -2.37047e+03
 Pressure (bar)
    0.00000e+00

           Step           Time
             31       31.00000

   Energies (kJ/mol)
           Bond          Angle        LJ (SR)   Coulomb (SR)      Potential
    6.10571e+02    1.51112e+02   -3.16488e+03    0.00000e+00   -2.40320e+03
 Pressure (bar)
    0.00000e+00

           Step           Time
             32       32.00000

   Energies (kJ/mol)
           Bond          Angle        LJ (SR)   Coulomb (SR)      Potential
    6.09276e+02    1.17215e+02   -3.17207e+03    0.00000e+00   -2.44558e+03
 Pressure (bar)
    0.00000e+00

           Step           Time
             33       33.00000

           Step           Time
             34       34.00000

   Energies (kJ/mol)
           Bond          Angle        LJ (SR)   Coulomb (SR)      Potential
    5.91305e+02    1.15201e+02   -3.17517e+03    0.00000e+00   -2.46867e+03
 Pressure (bar)
    0.00000e+00

           Step           Time
             35       35.00000

   Energies (kJ/mol)
           Bond          Angle        LJ (SR)   Coulomb (SR)      Potential
    5.80784e+02    1.17398e+02   -3.18357e+03    0.00000e+00   -2.48539e+03
 Pressure (bar)
    0.00000e+00

           Step           Time
             36       36.00000

   Energies (kJ/mol)
           Bond          Angle        LJ (SR)   Coulomb (SR)      Potential
    5.61010e+02    1.17256e+02   -3.18578e+03    0.00000e+00   -2.50752e+03
 Pressure (bar)
    0.00000e+00

           Step           Time
             37       37.00000

   Energies (kJ/mol)
           Bond          Angle        LJ (SR)   Coulomb (SR)      Potential
    5.57058e+02    1.24936e+02   -3.19409e+03    0.00000e+00   -2.51210e+03
 Pressure (bar)
    0.00000e+00

           Step           Time
             38       38.00000

   Energies (kJ/mol)
           Bond          Angle        LJ (SR)   Coulomb (SR)      Potential
    5.34792e+02    1.26588e+02   -3.19497e+03    0.00000e+00   -2.53359e+03
 Pressure (bar)
    0.00000e+00

           Step           Time
             39       39.00000

           Step           Time
             40       40.00000

   Energies (kJ/mol)
           Bond          Angle        LJ (SR)   Coulomb (SR)      Potential
    5.35285e+02    9.98210e+01   -3.20070e+03    0.00000e+00   -2.56559e+03
 Pressure (bar)
    0.00000e+00

           Step           Time
             41       41.00000

   Energies (kJ/mol)
           Bond          Angle        LJ (SR)   Coulomb (SR)      Potential
    5.04573e+02    1.29029e+02   -3.20869e+03    0.00000e+00   -2.57509e+03
 Pressure (bar)
    0.00000e+00

           Step           Time
             42       42.00000

   Energies (kJ/mol)
           Bond          Angle        LJ (SR)   Coulomb (SR)      Potential
    5.06121e+02    1.01322e+02   -3.21540e+03    0.00000e+00   -2.60795e+03
 Pressure (bar)
    0.00000e+00

           Step           Time
             43       43.00000

           Step           Time
             44       44.00000

   Energies (kJ/mol)
           Bond          Angle        LJ (SR)   Coulomb (SR)      Potential
    4.94112e+02    9.98334e+01   -3.21735e+03    0.00000e+00   -2.62341e+03
 Pressure (bar)
    0.00000e+00

           Step           Time
             45       45.00000

   Energies (kJ/mol)
           Bond          Angle        LJ (SR)   Coulomb (SR)      Potential
    4.90999e+02    1.02190e+02   -3.22437e+03    0.00000e+00   -2.63119e+03
 Pressure (bar)
    0.00000e+00

           Step           Time
             46       46.00000

   Energies (kJ/mol)
           Bond          Angle        LJ (SR)   Coulomb (SR)      Potential
    4.77002e+02    1.03950e+02   -3.22543e+03    0.00000e+00   -2.64448e+03
 Pressure (bar)
    0.00000e+00

           Step           Time
             47       47.00000

   Energies (kJ/mol)
           Bond          Angle        LJ (SR)   Coulomb (SR)      Potential
    4.77671e+02    1.04227e+02   -3.23250e+03    0.00000e+00   -2.65061e+03
 Pressure (bar)
    0.00000e+00

           Step           Time
             48       48.00000

   Energies (kJ/mol)
           Bond          Angle        LJ (SR)   Coulomb (SR)      Potential
    4.62168e+02    1.11849e+02   -3.23250e+03    0.00000e+00   -2.65848e+03
 Pressure (bar)
    0.00000e+00

           Step           Time
             49       49.00000

   Energies (kJ/mol)
           Bond          Angle        LJ (SR)   Coulomb (SR)      Potential
    4.65877e+02    1.12619e+02   -3.24045e+03    0.00000e+00   -2.66196e+03
 Pressure (bar)
    0.00000e+00

           Step           Time
             50       50.00000

   Energies (kJ/mol)
           Bond          Angle        LJ (SR)   Coulomb (SR)      Potential
    4.48792e+02    1.26197e+02   -3.23873e+03    0.00000e+00   -2.66374e+03
 Pressure (bar)
    0.00000e+00

           Step           Time
             51       51.00000

           Step           Time
             52       52.00000

   Energies (kJ/mol)
           Bond          Angle        LJ (SR)   Coulomb (SR)      Potential
    4.50939e+02    8.64226e+01   -3.24488e+03    0.00000e+00   -2.70752e+03
 Pressure (bar)
    0.00000e+00

           Step           Time
             53       53.00000

           Step           Time
             54       54.00000

   Energies (kJ/mol)
           Bond          Angle        LJ (SR)   Coulomb (SR)      Potential
    4.27085e+02    9.98234e+01   -3.25786e+03    0.00000e+00   -2.73095e+03
 Pressure (bar)
    0.00000e+00

           Step           Time
             55       55.00000

   Energies (kJ/mol)
           Bond          Angle        LJ (SR)   Coulomb (SR)      Potential
    4.26308e+02    8.66759e+01   -3.26209e+03    0.00000e+00   -2.74911e+03
 Pressure (bar)
    0.00000e+00

           Step           Time
             56       56.00000

           Step           Time
             57       57.00000

   Energies (kJ/mol)
           Bond          Angle        LJ (SR)   Coulomb (SR)      Potential
    4.19859e+02    8.62738e+01   -3.26434e+03    0.00000e+00   -2.75821e+03
 Pressure (bar)
    0.00000e+00

           Step           Time
             58       58.00000

   Energies (kJ/mol)
           Bond          Angle        LJ (SR)   Coulomb (SR)      Potential
    4.18165e+02    8.81584e+01   -3.26912e+03    0.00000e+00   -2.76280e+03
 Pressure (bar)
    0.00000e+00

           Step           Time
             59       59.00000

   Energies (kJ/mol)
           Bond          Angle        LJ (SR)   Coulomb (SR)      Potential
    4.10599e+02    8.88549e+01   -3.27088e+03    0.00000e+00   -2.77142e+03
 Pressure (bar)
    0.00000e+00

           Step           Time
             60       60.00000

   Energies (kJ/mol)
           Bond          Angle        LJ (SR)   Coulomb (SR)      Potential
    4.10764e+02    8.97471e+01   -3.27564e+03    0.00000e+00   -2.77513e+03
 Pressure (bar)
    0.00000e+00

           Step           Time
             61       61.00000

   Energies (kJ/mol)
           Bond          Angle        LJ (SR)   Coulomb (SR)      Potential
    4.02198e+02    9.38504e+01   -3.27684e+03    0.00000e+00   -2.78079e+03
 Pressure (bar)
    0.00000e+00

           Step           Time
             62       62.00000

   Energies (kJ/mol)
           Bond          Angle        LJ (SR)   Coulomb (SR)      Potential
    4.04030e+02    9.55493e+01   -3.28199e+03    0.00000e+00   -2.78241e+03
 Pressure (bar)
    0.00000e+00

           Step           Time
             63       63.00000

   Energies (kJ/mol)
           Bond          Angle        LJ (SR)   Coulomb (SR)      Potential
    3.94427e+02    1.02832e+02   -3.28228e+03    0.00000e+00   -2.78502e+03
 Pressure (bar)
    0.00000e+00

           Step           Time
             64       64.00000

           Step           Time
             65       65.00000

   Energies (kJ/mol)
           Bond          Angle        LJ (SR)   Coulomb (SR)      Potential
    3.95379e+02    7.76689e+01   -3.28615e+03    0.00000e+00   -2.81310e+03
 Pressure (bar)
    0.00000e+00

           Step           Time
             66       66.00000

           Step           Time
             67       67.00000

   Energies (kJ/mol)
           Bond          Angle        LJ (SR)   Coulomb (SR)      Potential
    3.82540e+02    8.91300e+01   -3.29690e+03    0.00000e+00   -2.82523e+03
 Pressure (bar)
    0.00000e+00

           Step           Time
             68       68.00000

   Energies (kJ/mol)
           Bond          Angle        LJ (SR)   Coulomb (SR)      Potential
    3.81384e+02    7.70081e+01   -3.29928e+03    0.00000e+00   -2.84088e+03
 Pressure (bar)
    0.00000e+00

           Step           Time
             69       69.00000

           Step           Time
             70       70.00000

   Energies (kJ/mol)
           Bond          Angle        LJ (SR)   Coulomb (SR)      Potential
    3.77953e+02    7.76776e+01   -3.30210e+03    0.00000e+00   -2.84647e+03
 Pressure (bar)
    0.00000e+00

           Step           Time
             71       71.00000

   Energies (kJ/mol)
           Bond          Angle        LJ (SR)   Coulomb (SR)      Potential
    3.76084e+02    7.68707e+01   -3.30475e+03    0.00000e+00   -2.85180e+03
 Pressure (bar)
    0.00000e+00

           Step           Time
             72       72.00000

   Energies (kJ/mol)
           Bond          Angle        LJ (SR)   Coulomb (SR)      Potential
    3.72321e+02    8.01061e+01   -3.30777e+03    0.00000e+00   -2.85535e+03
 Pressure (bar)
    0.00000e+00

           Step           Time
             73       73.00000

   Energies (kJ/mol)
           Bond          Angle        LJ (SR)   Coulomb (SR)      Potential
    3.70928e+02    7.73928e+01   -3.31012e+03    0.00000e+00   -2.86180e+03
 Pressure (bar)
    0.00000e+00

           Step           Time
             74       74.00000

           Step           Time
             75       75.00000

   Energies (kJ/mol)
           Bond          Angle        LJ (SR)   Coulomb (SR)      Potential
    3.68817e+02    7.35593e+01   -3.31191e+03    0.00000e+00   -2.86953e+03
 Pressure (bar)
    0.00000e+00

           Step           Time
             76       76.00000

   Energies (kJ/mol)
           Bond          Angle        LJ (SR)   Coulomb (SR)      Potential
    3.63980e+02    7.80252e+01   -3.31810e+03    0.00000e+00   -2.87609e+03
 Pressure (bar)
    0.00000e+00

           Step           Time
             77       77.00000

   Energies (kJ/mol)
           Bond          Angle        LJ (SR)   Coulomb (SR)      Potential
    3.61374e+02    7.37418e+01   -3.31981e+03    0.00000e+00   -2.88469e+03
 Pressure (bar)
    0.00000e+00

           Step           Time
             78       78.00000

   Energies (kJ/mol)
           Bond          Angle        LJ (SR)   Coulomb (SR)      Potential
    3.59171e+02    7.95969e+01   -3.32388e+03    0.00000e+00   -2.88511e+03
 Pressure (bar)
    0.00000e+00

           Step           Time
             79       79.00000

   Energies (kJ/mol)
           Bond          Angle        LJ (SR)   Coulomb (SR)      Potential
    3.56189e+02    7.55575e+01   -3.32537e+03    0.00000e+00   -2.89362e+03
 Pressure (bar)
    0.00000e+00

           Step           Time
             80       80.00000

           Step           Time
             81       81.00000

   Energies (kJ/mol)
           Bond          Angle        LJ (SR)   Coulomb (SR)      Potential
    3.55373e+02    7.14299e+01   -3.32749e+03    0.00000e+00   -2.90069e+03
 Pressure (bar)
    0.00000e+00

           Step           Time
             82       82.00000

   Energies (kJ/mol)
           Bond          Angle        LJ (SR)   Coulomb (SR)      Potential
    3.50862e+02    7.80457e+01   -3.33202e+03    0.00000e+00   -2.90311e+03
 Pressure (bar)
    0.00000e+00

           Step           Time
             83       83.00000

   Energies (kJ/mol)
           Bond          Angle        LJ (SR)   Coulomb (SR)      Potential
    3.49775e+02    7.16079e+01   -3.33415e+03    0.00000e+00   -2.91276e+03
 Pressure (bar)
    0.00000e+00

           Step           Time
             84       84.00000

           Step           Time
             85       85.00000

   Energies (kJ/mol)
           Bond          Angle        LJ (SR)   Coulomb (SR)      Potential
    3.48086e+02    7.07257e+01   -3.33609e+03    0.00000e+00   -2.91728e+03
 Pressure (bar)
    0.00000e+00

           Step           Time
             86       86.00000

   Energies (kJ/mol)
           Bond          Angle        LJ (SR)   Coulomb (SR)      Potential
    3.45949e+02    7.23793e+01   -3.33909e+03    0.00000e+00   -2.92077e+03
 Pressure (bar)
    0.00000e+00

           Step           Time
             87       87.00000

   Energies (kJ/mol)
           Bond          Angle        LJ (SR)   Coulomb (SR)      Potential
    3.44169e+02    7.17117e+01   -3.34102e+03    0.00000e+00   -2.92514e+03
 Pressure (bar)
    0.00000e+00

           Step           Time
             88       88.00000

   Energies (kJ/mol)
           Bond          Angle        LJ (SR)   Coulomb (SR)      Potential
    3.42363e+02    7.46043e+01   -3.34378e+03    0.00000e+00   -2.92682e+03
 Pressure (bar)
    0.00000e+00

           Step           Time
             89       89.00000

   Energies (kJ/mol)
           Bond          Angle        LJ (SR)   Coulomb (SR)      Potential
    3.40561e+02    7.45777e+01   -3.34555e+03    0.00000e+00   -2.93041e+03
 Pressure (bar)
    0.00000e+00

           Step           Time
             90       90.00000

           Step           Time
             91       91.00000

   Energies (kJ/mol)
           Bond          Angle        LJ (SR)   Coulomb (SR)      Potential
    3.39545e+02    6.84865e+01   -3.34714e+03    0.00000e+00   -2.93910e+03
 Pressure (bar)
    0.00000e+00

           Step           Time
             92       92.00000

   Energies (kJ/mol)
           Bond          Angle        LJ (SR)   Coulomb (SR)      Potential
    3.34960e+02    7.28225e+01   -3.35409e+03    0.00000e+00   -2.94630e+03
 Pressure (bar)
    0.00000e+00

           Step           Time
             93       93.00000

   Energies (kJ/mol)
           Bond          Angle        LJ (SR)   Coulomb (SR)      Potential
    3.33303e+02    6.82864e+01   -3.35537e+03    0.00000e+00   -2.95378e+03
 Pressure (bar)
    0.00000e+00

           Step           Time
             94       94.00000

           Step           Time
             95       95.00000

   Energies (kJ/mol)
           Bond          Angle        LJ (SR)   Coulomb (SR)      Potential
    3.32286e+02    6.79327e+01   -3.35762e+03    0.00000e+00   -2.95740e+03
 Pressure (bar)
    0.00000e+00

           Step           Time
             96       96.00000

   Energies (kJ/mol)
           Bond          Angle        LJ (SR)   Coulomb (SR)      Potential
    3.30203e+02    6.89681e+01   -3.35970e+03    0.00000e+00   -2.96053e+03
 Pressure (bar)
    0.00000e+00

           Step           Time
             97       97.00000

   Energies (kJ/mol)
           Bond          Angle        LJ (SR)   Coulomb (SR)      Potential
    3.29400e+02    6.86453e+01   -3.36194e+03    0.00000e+00   -2.96389e+03
 Pressure (bar)
    0.00000e+00

           Step           Time
             98       98.00000

   Energies (kJ/mol)
           Bond          Angle        LJ (SR)   Coulomb (SR)      Potential
    3.27220e+02    7.07124e+01   -3.36381e+03    0.00000e+00   -2.96588e+03
 Pressure (bar)
    0.00000e+00

           Step           Time
             99       99.00000

   Energies (kJ/mol)
           Bond          Angle        LJ (SR)   Coulomb (SR)      Potential
    3.26674e+02    7.09850e+01   -3.36608e+03    0.00000e+00   -2.96842e+03
 Pressure (bar)
    0.00000e+00

           Step           Time
            100      100.00000

   Energies (kJ/mol)
           Bond          Angle        LJ (SR)   Coulomb (SR)      Potential
    3.24330e+02    7.42842e+01   -3.36771e+03    0.00000e+00   -2.96910e+03
 Pressure (bar)
    0.00000e+00

           Step           Time
            101      101.00000

           Step           Time
            102      102.00000

   Energies (kJ/mol)
           Bond          Angle        LJ (SR)   Coulomb (SR)      Potential
    3.24022e+02    6.56918e+01   -3.36914e+03    0.00000e+00   -2.97943e+03
 Pressure (bar)
    0.00000e+00

           Step           Time
            103      103.00000

   Energies (kJ/mol)
           Bond          Angle        LJ (SR)   Coulomb (SR)      Potential
    3.17276e+02    7.49026e+01   -3.37950e+03    0.00000e+00   -2.98732e+03
 Pressure (bar)
    0.00000e+00

           Step           Time
            104      104.00000

   Energies (kJ/mol)
           Bond          Angle        LJ (SR)   Coulomb (SR)      Potential
    3.16636e+02    6.56584e+01   -3.38046e+03    0.00000e+00   -2.99817e+03
 Pressure (bar)
    0.00000e+00

           Step           Time
            105      105.00000

           Step           Time
            106      106.00000

   Energies (kJ/mol)
           Bond          Angle        LJ (SR)   Coulomb (SR)      Potential
    3.15089e+02    6.75604e+01   -3.38282e+03    0.00000e+00   -3.00017e+03
 Pressure (bar)
    0.00000e+00

           Step           Time
            107      107.00000

   Energies (kJ/mol)
           Bond          Angle        LJ (SR)   Coulomb (SR)      Potential
    3.14464e+02    6.64843e+01   -3.38419e+03    0.00000e+00   -3.00324e+03
 Pressure (bar)
    0.00000e+00

           Step           Time
            108      108.00000

           Step           Time
            109      109.00000

   Energies (kJ/mol)
           Bond          Angle        LJ (SR)   Coulomb (SR)      Potential
    3.13480e+02    6.39809e+01   -3.38550e+03    0.00000e+00   -3.00804e+03
 Pressure (bar)
    0.00000e+00

           Step           Time
            110      110.00000

   Energies (kJ/mol)
           Bond          Angle        LJ (SR)   Coulomb (SR)      Potential
    3.11426e+02    6.60833e+01   -3.38979e+03    0.00000e+00   -3.01228e+03
 Pressure (bar)
    0.00000e+00

           Step           Time
            111      111.00000

   Energies (kJ/mol)
           Bond          Angle        LJ (SR)   Coulomb (SR)      Potential
    3.10028e+02    6.41877e+01   -3.39106e+03    0.00000e+00   -3.01684e+03
 Pressure (bar)
    0.00000e+00

           Step           Time
            112      112.00000

   Energies (kJ/mol)
           Bond          Angle        LJ (SR)   Coulomb (SR)      Potential
    3.09275e+02    6.74793e+01   -3.39381e+03    0.00000e+00   -3.01706e+03
 Pressure (bar)
    0.00000e+00

           Step           Time
            113      113.00000

   Energies (kJ/mol)
           Bond          Angle        LJ (SR)   Coulomb (SR)      Potential
    3.07454e+02    6.54811e+01   -3.39501e+03    0.00000e+00   -3.02207e+03
 Pressure (bar)
    0.00000e+00

           Step           Time
            114      114.00000

           Step           Time
            115      115.00000

   Energies (kJ/mol)
           Bond          Angle        LJ (SR)   Coulomb (SR)      Potential
    3.07338e+02    6.28795e+01   -3.39637e+03    0.00000e+00   -3.02615e+03
 Pressure (bar)
    0.00000e+00

           Step           Time
            116      116.00000

   Energies (kJ/mol)
           Bond          Angle        LJ (SR)   Coulomb (SR)      Potential
    3.04866e+02    6.75261e+01   -3.39938e+03    0.00000e+00   -3.02699e+03
 Pressure (bar)
    0.00000e+00

           Step           Time
            117      117.00000

   Energies (kJ/mol)
           Bond          Angle        LJ (SR)   Coulomb (SR)      Potential
    3.04915e+02    6.33091e+01   -3.40081e+03    0.00000e+00   -3.03259e+03
 Pressure (bar)
    0.00000e+00

           Step           Time
            118      118.00000

           Step           Time
            119      119.00000

   Energies (kJ/mol)
           Bond          Angle        LJ (SR)   Coulomb (SR)      Potential
    3.03657e+02    6.28570e+01   -3.40209e+03    0.00000e+00   -3.03557e+03
 Pressure (bar)
    0.00000e+00

           Step           Time
            120      120.00000

   Energies (kJ/mol)
           Bond          Angle        LJ (SR)   Coulomb (SR)      Potential
    3.03147e+02    6.37247e+01   -3.40427e+03    0.00000e+00   -3.03740e+03
 Pressure (bar)
    0.00000e+00

           Step           Time
            121      121.00000

   Energies (kJ/mol)
           Bond          Angle        LJ (SR)   Coulomb (SR)      Potential
    3.01544e+02    6.37903e+01   -3.40554e+03    0.00000e+00   -3.04020e+03
 Pressure (bar)
    0.00000e+00

           Step           Time
            122      122.00000

   Energies (kJ/mol)
           Bond          Angle        LJ (SR)   Coulomb (SR)      Potential
    3.01494e+02    6.52866e+01   -3.40754e+03    0.00000e+00   -3.04076e+03
 Pressure (bar)
    0.00000e+00

           Step           Time
            123      123.00000

   Energies (kJ/mol)
           Bond          Angle        LJ (SR)   Coulomb (SR)      Potential
    2.99490e+02    6.59112e+01   -3.40868e+03    0.00000e+00   -3.04328e+03
 Pressure (bar)
    0.00000e+00

           Step           Time
            124      124.00000

           Step           Time
            125      125.00000

   Energies (kJ/mol)
           Bond          Angle        LJ (SR)   Coulomb (SR)      Potential
    2.99624e+02    6.12490e+01   -3.40987e+03    0.00000e+00   -3.04899e+03
 Pressure (bar)
    0.00000e+00

           Step           Time
            126      126.00000

   Energies (kJ/mol)
           Bond          Angle        LJ (SR)   Coulomb (SR)      Potential
    2.96451e+02    6.72214e+01   -3.41434e+03    0.00000e+00   -3.05067e+03
 Pressure (bar)
    0.00000e+00

           Step           Time
            127      127.00000

   Energies (kJ/mol)
           Bond          Angle        LJ (SR)   Coulomb (SR)      Potential
    2.96695e+02    6.14830e+01   -3.41558e+03    0.00000e+00   -3.05740e+03
 Pressure (bar)
    0.00000e+00

           Step           Time
            128      128.00000

           Step           Time
            129      129.00000

   Energies (kJ/mol)
           Bond          Angle        LJ (SR)   Coulomb (SR)      Potential
    2.95297e+02    6.21943e+01   -3.41698e+03    0.00000e+00   -3.05948e+03
 Pressure (bar)
    0.00000e+00

           Step           Time
            130      130.00000

   Energies (kJ/mol)
           Bond          Angle        LJ (SR)   Coulomb (SR)      Potential
    2.95249e+02    6.21230e+01   -3.41858e+03    0.00000e+00   -3.06121e+03
 Pressure (bar)
    0.00000e+00

           Step           Time
            131      131.00000

   Energies (kJ/mol)
           Bond          Angle        LJ (SR)   Coulomb (SR)      Potential
    2.93514e+02    6.36816e+01   -3.41985e+03    0.00000e+00   -3.06265e+03
 Pressure (bar)
    0.00000e+00

           Step           Time
            132      132.00000

   Energies (kJ/mol)
           Bond          Angle        LJ (SR)   Coulomb (SR)      Potential
    2.93869e+02    6.38451e+01   -3.42149e+03    0.00000e+00   -3.06378e+03
 Pressure (bar)
    0.00000e+00

           Step           Time
            133      133.00000

   Energies (kJ/mol)
           Bond          Angle        LJ (SR)   Coulomb (SR)      Potential
    2.91710e+02    6.66735e+01   -3.42254e+03    0.00000e+00   -3.06416e+03
 Pressure (bar)
    0.00000e+00

           Step           Time
            134      134.00000

           Step           Time
            135      135.00000

   Energies (kJ/mol)
           Bond          Angle        LJ (SR)   Coulomb (SR)      Potential
    2.92032e+02    5.98633e+01   -3.42363e+03    0.00000e+00   -3.07174e+03
 Pressure (bar)
    0.00000e+00

           Step           Time
            136      136.00000

   Energies (kJ/mol)
           Bond          Angle        LJ (SR)   Coulomb (SR)      Potential
    2.87696e+02    6.62405e+01   -3.43070e+03    0.00000e+00   -3.07676e+03
 Pressure (bar)
    0.00000e+00

           Step           Time
            137      137.00000

   Energies (kJ/mol)
           Bond          Angle        LJ (SR)   Coulomb (SR)      Potential
    2.88068e+02    6.00319e+01   -3.43175e+03    0.00000e+00   -3.08365e+03
 Pressure (bar)
    0.00000e+00

           Step           Time
            138      138.00000

           Step           Time
            139      139.00000

   Energies (kJ/mol)
           Bond          Angle        LJ (SR)   Coulomb (SR)      Potential
    2.86640e+02    6.10565e+01   -3.43299e+03    0.00000e+00   -3.08529e+03
 Pressure (bar)
    0.00000e+00

           Step           Time
            140      140.00000

   Energies (kJ/mol)
           Bond          Angle        LJ (SR)   Coulomb (SR)      Potential
    2.86858e+02    6.07040e+01   -3.43438e+03    0.00000e+00   -3.08682e+03
 Pressure (bar)
    0.00000e+00

           Step           Time
            141      141.00000

   Energies (kJ/mol)
           Bond          Angle        LJ (SR)   Coulomb (SR)      Potential
    2.84986e+02    6.35188e+01   -3.43548e+03    0.00000e+00   -3.08698e+03
 Pressure (bar)
    0.00000e+00

           Step           Time
            142      142.00000

   Energies (kJ/mol)
           Bond          Angle        LJ (SR)   Coulomb (SR)      Potential
    2.85694e+02    6.21410e+01   -3.43691e+03    0.00000e+00   -3.08908e+03
 Pressure (bar)
    0.00000e+00

           Step           Time
            143      143.00000

           Step           Time
            144      144.00000

   Energies (kJ/mol)
           Bond          Angle        LJ (SR)   Coulomb (SR)      Potential
    2.84373e+02    5.89905e+01   -3.43755e+03    0.00000e+00   -3.09419e+03
 Pressure (bar)
    0.00000e+00

           Step           Time
            145      145.00000

           Step           Time
            146      146.00000

   Energies (kJ/mol)
           Bond          Angle        LJ (SR)   Coulomb (SR)      Potential
    2.84213e+02    5.88691e+01   -3.43920e+03    0.00000e+00   -3.09612e+03
 Pressure (bar)
    0.00000e+00

           Step           Time
            147      147.00000

   Energies (kJ/mol)
           Bond          Angle        LJ (SR)   Coulomb (SR)      Potential
    2.82915e+02    5.94107e+01   -3.44018e+03    0.00000e+00   -3.09785e+03
 Pressure (bar)
    0.00000e+00

           Step           Time
            148      148.00000

   Energies (kJ/mol)
           Bond          Angle        LJ (SR)   Coulomb (SR)      Potential
    2.83089e+02    5.91413e+01   -3.44169e+03    0.00000e+00   -3.09946e+03
 Pressure (bar)
    0.00000e+00

           Step           Time
            149      149.00000

   Energies (kJ/mol)
           Bond          Angle        LJ (SR)   Coulomb (SR)      Potential
    2.81459e+02    6.04948e+01   -3.44257e+03    0.00000e+00   -3.10061e+03
 Pressure (bar)
    0.00000e+00

           Step           Time
            150      150.00000

   Energies (kJ/mol)
           Bond          Angle        LJ (SR)   Coulomb (SR)      Potential
    2.82024e+02    6.01463e+01   -3.44414e+03    0.00000e+00   -3.10197e+03
 Pressure (bar)
    0.00000e+00

           Step           Time
            151      151.00000

   Energies (kJ/mol)
           Bond          Angle        LJ (SR)   Coulomb (SR)      Potential
    2.79975e+02    6.27240e+01   -3.44482e+03    0.00000e+00   -3.10212e+03
 Pressure (bar)
    0.00000e+00

           Step           Time
            152      152.00000

   Energies (kJ/mol)
           Bond          Angle        LJ (SR)   Coulomb (SR)      Potential
    2.81060e+02    6.27314e+01   -3.44653e+03    0.00000e+00   -3.10273e+03
 Pressure (bar)
    0.00000e+00

           Step           Time
            153      153.00000

           Step           Time
            154      154.00000

   Energies (kJ/mol)
           Bond          Angle        LJ (SR)   Coulomb (SR)      Potential
    2.79599e+02    5.78926e+01   -3.44691e+03    0.00000e+00   -3.10941e+03
 Pressure (bar)
    0.00000e+00

           Step           Time
            155      155.00000

   Energies (kJ/mol)
           Bond          Angle        LJ (SR)   Coulomb (SR)      Potential
    2.78878e+02    6.24481e+01   -3.45168e+03    0.00000e+00   -3.11035e+03
 Pressure (bar)
    0.00000e+00

           Step           Time
            156      156.00000

   Energies (kJ/mol)
           Bond          Angle        LJ (SR)   Coulomb (SR)      Potential
    2.76749e+02    5.88919e+01   -3.45176e+03    0.00000e+00   -3.11612e+03
 Pressure (bar)
    0.00000e+00

           Step           Time
            157      157.00000

           Step           Time
            158      158.00000

   Energies (kJ/mol)
           Bond          Angle        LJ (SR)   Coulomb (SR)      Potential
    2.77211e+02    5.78401e+01   -3.45318e+03    0.00000e+00   -3.11813e+03
 Pressure (bar)
    0.00000e+00

           Step           Time
            159      159.00000

           Step           Time
            160      160.00000

   Energies (kJ/mol)
           Bond          Angle        LJ (SR)   Coulomb (SR)      Potential
    2.76241e+02    5.72939e+01   -3.45366e+03    0.00000e+00   -3.12012e+03
 Pressure (bar)
    0.00000e+00

           Step           Time
            161      161.00000

   Energies (kJ/mol)
           Bond          Angle        LJ (SR)   Coulomb (SR)      Potential
    2.75993e+02    5.79023e+01   -3.45586e+03    0.00000e+00   -3.12196e+03
 Pressure (bar)
    0.00000e+00

           Step           Time
            162      162.00000

   Energies (kJ/mol)
           Bond          Angle        LJ (SR)   Coulomb (SR)      Potential
    2.74676e+02    5.77402e+01   -3.45637e+03    0.00000e+00   -3.12395e+03
 Pressure (bar)
    0.00000e+00

           Step           Time
            163      163.00000

   Energies (kJ/mol)
           Bond          Angle        LJ (SR)   Coulomb (SR)      Potential
    2.75048e+02    5.86084e+01   -3.45813e+03    0.00000e+00   -3.12448e+03
 Pressure (bar)
    0.00000e+00

           Step           Time
            164      164.00000

   Energies (kJ/mol)
           Bond          Angle        LJ (SR)   Coulomb (SR)      Potential
    2.73297e+02    5.89626e+01   -3.45853e+03    0.00000e+00   -3.12627e+03
 Pressure (bar)
    0.00000e+00

           Step           Time
            165      165.00000

           Step           Time
            166      166.00000

   Energies (kJ/mol)
           Bond          Angle        LJ (SR)   Coulomb (SR)      Potential
    2.73708e+02    5.65436e+01   -3.45953e+03    0.00000e+00   -3.12927e+03
 Pressure (bar)
    0.00000e+00

           Step           Time
            167      167.00000

   Energies (kJ/mol)
           Bond          Angle        LJ (SR)   Coulomb (SR)      Potential
    2.71491e+02    5.98041e+01   -3.46211e+03    0.00000e+00   -3.13081e+03
 Pressure (bar)
    0.00000e+00

           Step           Time
            168      168.00000

   Energies (kJ/mol)
           Bond          Angle        LJ (SR)   Coulomb (SR)      Potential
    2.72102e+02    5.66001e+01   -3.46326e+03    0.00000e+00   -3.13456e+03
 Pressure (bar)
    0.00000e+00

           Step           Time
            169      169.00000

           Step           Time
            170      170.00000

   Energies (kJ/mol)
           Bond          Angle        LJ (SR)   Coulomb (SR)      Potential
    2.70977e+02    5.70118e+01   -3.46400e+03    0.00000e+00   -3.13602e+03
 Pressure (bar)
    0.00000e+00

           Step           Time
            171      171.00000

   Energies (kJ/mol)
           Bond          Angle        LJ (SR)   Coulomb (SR)      Potential
    2.71262e+02    5.69258e+01   -3.46539e+03    0.00000e+00   -3.13720e+03
 Pressure (bar)
    0.00000e+00

           Step           Time
            172      172.00000

   Energies (kJ/mol)
           Bond          Angle        LJ (SR)   Coulomb (SR)      Potential
    2.69767e+02    5.79797e+01   -3.46600e+03    0.00000e+00   -3.13825e+03
 Pressure (bar)
    0.00000e+00

           Step           Time
            173      173.00000

   Energies (kJ/mol)
           Bond          Angle        LJ (SR)   Coulomb (SR)      Potential
    2.70469e+02    5.77550e+01   -3.46746e+03    0.00000e+00   -3.13924e+03
 Pressure (bar)
    0.00000e+00

           Step           Time
            174      174.00000

           Step           Time
            175      175.00000

   Energies (kJ/mol)
           Bond          Angle        LJ (SR)   Coulomb (SR)      Potential
    2.69408e+02    5.59018e+01   -3.46776e+03    0.00000e+00   -3.14245e+03
 Pressure (bar)
    0.00000e+00

           Step           Time
            176      176.00000

   Energies (kJ/mol)
           Bond          Angle        LJ (SR)   Coulomb (SR)      Potential
    2.68820e+02    5.77383e+01   -3.47139e+03    0.00000e+00   -3.14483e+03
 Pressure (bar)
    0.00000e+00

           Step           Time
            177      177.00000

   Energies (kJ/mol)
           Bond          Angle        LJ (SR)   Coulomb (SR)      Potential
    2.67240e+02    5.65029e+01   -3.47159e+03    0.00000e+00   -3.14784e+03
 Pressure (bar)
    0.00000e+00

           Step           Time
            178      178.00000

           Step           Time
            179      179.00000

   Energies (kJ/mol)
           Bond          Angle        LJ (SR)   Coulomb (SR)      Potential
    2.67584e+02    5.55741e+01   -3.47269e+03    0.00000e+00   -3.14953e+03
 Pressure (bar)
    0.00000e+00

           Step           Time
            180      180.00000

   Energies (kJ/mol)
           Bond          Angle        LJ (SR)   Coulomb (SR)      Potential
    2.66080e+02    5.73915e+01   -3.47369e+03    0.00000e+00   -3.15022e+03
 Pressure (bar)
    0.00000e+00

           Step           Time
            181      181.00000

   Energies (kJ/mol)
           Bond          Angle        LJ (SR)   Coulomb (SR)      Potential
    2.66704e+02    5.58696e+01   -3.47494e+03    0.00000e+00   -3.15237e+03
 Pressure (bar)
    0.00000e+00

           Step           Time
            182      182.00000

           Step           Time
            183      183.00000

   Energies (kJ/mol)
           Bond          Angle        LJ (SR)   Coulomb (SR)      Potential
    2.65754e+02    5.54796e+01   -3.47534e+03    0.00000e+00   -3.15411e+03
 Pressure (bar)
    0.00000e+00

           Step           Time
            184      184.00000

   Energies (kJ/mol)
           Bond          Angle        LJ (SR)   Coulomb (SR)      Potential
    2.65848e+02    5.61470e+01   -3.47718e+03    0.00000e+00   -3.15518e+03
 Pressure (bar)
    0.00000e+00

           Step           Time
            185      185.00000

   Energies (kJ/mol)
           Bond          Angle        LJ (SR)   Coulomb (SR)      Potential
    2.64556e+02    5.59245e+01   -3.47751e+03    0.00000e+00   -3.15703e+03
 Pressure (bar)
    0.00000e+00

           Step           Time
            186      186.00000

   Energies (kJ/mol)
           Bond          Angle        LJ (SR)   Coulomb (SR)      Potential
    2.65117e+02    5.68258e+01   -3.47916e+03    0.00000e+00   -3.15721e+03
 Pressure (bar)
    0.00000e+00

           Step           Time
            187      187.00000

   Energies (kJ/mol)
           Bond          Angle        LJ (SR)   Coulomb (SR)      Potential
    2.63444e+02    5.69363e+01   -3.47936e+03    0.00000e+00   -3.15898e+03
 Pressure (bar)
    0.00000e+00

           Step           Time
            188      188.00000

           Step           Time
            189      189.00000

   Energies (kJ/mol)
           Bond          Angle        LJ (SR)   Coulomb (SR)      Potential
    2.63896e+02    5.47831e+01   -3.48031e+03    0.00000e+00   -3.16163e+03
 Pressure (bar)
    0.00000e+00

           Step           Time
            190      190.00000

   Energies (kJ/mol)
           Bond          Angle        LJ (SR)   Coulomb (SR)      Potential
    2.61923e+02    5.80700e+01   -3.48252e+03    0.00000e+00   -3.16253e+03
 Pressure (bar)
    0.00000e+00

           Step           Time
            191      191.00000

   Energies (kJ/mol)
           Bond          Angle        LJ (SR)   Coulomb (SR)      Potential
    2.62542e+02    5.47653e+01   -3.48363e+03    0.00000e+00   -3.16632e+03
 Pressure (bar)
    0.00000e+00

           Step           Time
            192      192.00000

           Step           Time
            193      193.00000

   Energies (kJ/mol)
           Bond          Angle        LJ (SR)   Coulomb (SR)      Potential
    2.61572e+02    5.52073e+01   -3.48430e+03    0.00000e+00   -3.16752e+03
 Pressure (bar)
    0.00000e+00

           Step           Time
            194      194.00000

   Energies (kJ/mol)
           Bond          Angle        LJ (SR)   Coulomb (SR)      Potential
    2.61857e+02    5.48988e+01   -3.48548e+03    0.00000e+00   -3.16873e+03
 Pressure (bar)
    0.00000e+00

           Step           Time
            195      195.00000

   Energies (kJ/mol)
           Bond          Angle        LJ (SR)   Coulomb (SR)      Potential
    2.60628e+02    5.58004e+01   -3.48604e+03    0.00000e+00   -3.16961e+03
 Pressure (bar)
    0.00000e+00

           Step           Time
            196      196.00000

   Energies (kJ/mol)
           Bond          Angle        LJ (SR)   Coulomb (SR)      Potential
    2.61213e+02    5.54102e+01   -3.48734e+03    0.00000e+00   -3.17072e+03
 Pressure (bar)
    0.00000e+00

           Step           Time
            197      197.00000

   Energies (kJ/mol)
           Bond          Angle        LJ (SR)   Coulomb (SR)      Potential
    2.59664e+02    5.69859e+01   -3.48769e+03    0.00000e+00   -3.17104e+03
 Pressure (bar)
    0.00000e+00

           Step           Time
            198      198.00000

   Energies (kJ/mol)
           Bond          Angle        LJ (SR)   Coulomb (SR)      Potential
    2.60652e+02    5.67351e+01   -3.48919e+03    0.00000e+00   -3.17181e+03
 Pressure (bar)
    0.00000e+00

           Step           Time
            199      199.00000

           Step           Time
            200      200.00000

   Energies (kJ/mol)
           Bond          Angle        LJ (SR)   Coulomb (SR)      Potential
    2.59542e+02    5.41901e+01   -3.48933e+03    0.00000e+00   -3.17560e+03
 Pressure (bar)
    0.00000e+00

           Step           Time
            201      201.00000

   Energies (kJ/mol)
           Bond          Angle        LJ (SR)   Coulomb (SR)      Potential
    2.59186e+02    5.65338e+01   -3.49311e+03    0.00000e+00   -3.17739e+03
 Pressure (bar)
    0.00000e+00

           Step           Time
            202      202.00000

   Energies (kJ/mol)
           Bond          Angle        LJ (SR)   Coulomb (SR)      Potential
    2.57706e+02    5.43321e+01   -3.49312e+03    0.00000e+00   -3.18108e+03
 Pressure (bar)
    0.00000e+00

           Step           Time
            203      203.00000

           Step           Time
            204      204.00000

   Energies (kJ/mol)
           Bond          Angle        LJ (SR)   Coulomb (SR)      Potential
    2.58001e+02    5.43045e+01   -3.49441e+03    0.00000e+00   -3.18210e+03
 Pressure (bar)
    0.00000e+00

           Step           Time
            205      205.00000

   Energies (kJ/mol)
           Bond          Angle        LJ (SR)   Coulomb (SR)      Potential
    2.56872e+02    5.47229e+01   -3.49477e+03    0.00000e+00   -3.18317e+03
 Pressure (bar)
    0.00000e+00

           Step           Time
            206      206.00000

   Energies (kJ/mol)
           Bond          Angle        LJ (SR)   Coulomb (SR)      Potential
    2.57425e+02    5.49083e+01   -3.49616e+03    0.00000e+00   -3.18383e+03
 Pressure (bar)
    0.00000e+00

           Step           Time
            207      207.00000

   Energies (kJ/mol)
           Bond          Angle        LJ (SR)   Coulomb (SR)      Potential
    2.56004e+02    5.56612e+01   -3.49635e+03    0.00000e+00   -3.18469e+03
 Pressure (bar)
    0.00000e+00

           Step           Time
            208      208.00000

   Energies (kJ/mol)
           Bond          Angle        LJ (SR)   Coulomb (SR)      Potential
    2.56929e+02    5.62703e+01   -3.49791e+03    0.00000e+00   -3.18471e+03
 Pressure (bar)
    0.00000e+00

           Step           Time
            209      209.00000

   Energies (kJ/mol)
           Bond          Angle        LJ (SR)   Coulomb (SR)      Potential
    2.55116e+02    5.75356e+01   -3.49783e+03    0.00000e+00   -3.18518e+03
 Pressure (bar)
    0.00000e+00

           Step           Time
            210      210.00000

           Step           Time
            211      211.00000

   Energies (kJ/mol)
           Bond          Angle        LJ (SR)   Coulomb (SR)      Potential
    2.55670e+02    5.34986e+01   -3.49887e+03    0.00000e+00   -3.18970e+03
 Pressure (bar)
    0.00000e+00

           Step           Time
            212      212.00000

           Step           Time
            213      213.00000

   Energies (kJ/mol)
           Bond          Angle        LJ (SR)   Coulomb (SR)      Potential
    2.54645e+02    5.44248e+01   -3.50031e+03    0.00000e+00   -3.19124e+03
 Pressure (bar)
    0.00000e+00

           Step           Time
            214      214.00000

   Energies (kJ/mol)
           Bond          Angle        LJ (SR)   Coulomb (SR)      Potential
    2.54890e+02    5.36495e+01   -3.50127e+03    0.00000e+00   -3.19273e+03
 Pressure (bar)
    0.00000e+00

           Step           Time
            215      215.00000

   Energies (kJ/mol)
           Bond          Angle        LJ (SR)   Coulomb (SR)      Potential
    2.53815e+02    5.50111e+01   -3.50191e+03    0.00000e+00   -3.19309e+03
 Pressure (bar)
    0.00000e+00

           Step           Time
            216      216.00000

   Energies (kJ/mol)
           Bond          Angle        LJ (SR)   Coulomb (SR)      Potential
    2.54321e+02    5.41170e+01   -3.50306e+03    0.00000e+00   -3.19462e+03
 Pressure (bar)
    0.00000e+00

           Step           Time
            217      217.00000

           Step           Time
            218      218.00000

   Energies (kJ/mol)
           Bond          Angle        LJ (SR)   Coulomb (SR)      Potential
    2.53589e+02    5.33369e+01   -3.50329e+03    0.00000e+00   -3.19637e+03
 Pressure (bar)
    0.00000e+00

           Step           Time
            219      219.00000

   Energies (kJ/mol)
           Bond          Angle        LJ (SR)   Coulomb (SR)      Potential
    2.53585e+02    5.42987e+01   -3.50525e+03    0.00000e+00   -3.19736e+03
 Pressure (bar)
    0.00000e+00

           Step           Time
            220      220.00000

   Energies (kJ/mol)
           Bond          Angle        LJ (SR)   Coulomb (SR)      Potential
    2.52547e+02    5.36591e+01   -3.50542e+03    0.00000e+00   -3.19921e+03
 Pressure (bar)
    0.00000e+00

           Step           Time
            221      221.00000

           Step           Time
            222      222.00000

   Energies (kJ/mol)
           Bond          Angle        LJ (SR)   Coulomb (SR)      Potential
    2.52756e+02    5.31007e+01   -3.50626e+03    0.00000e+00   -3.20041e+03
 Pressure (bar)
    0.00000e+00

           Step           Time
            223      223.00000

   Energies (kJ/mol)
           Bond          Angle        LJ (SR)   Coulomb (SR)      Potential
    2.51774e+02    5.40389e+01   -3.50711e+03    0.00000e+00   -3.20129e+03
 Pressure (bar)
    0.00000e+00

           Step           Time
            224      224.00000

   Energies (kJ/mol)
           Bond          Angle        LJ (SR)   Coulomb (SR)      Potential
    2.52136e+02    5.32523e+01   -3.50808e+03    0.00000e+00   -3.20270e+03
 Pressure (bar)
    0.00000e+00

           Step           Time
            225      225.00000

   Energies (kJ/mol)
           Bond          Angle        LJ (SR)   Coulomb (SR)      Potential
    2.51024e+02    5.47870e+01   -3.50864e+03    0.00000e+00   -3.20283e+03
 Pressure (bar)
    0.00000e+00

           Step           Time
            226      226.00000

   Energies (kJ/mol)
           Bond          Angle        LJ (SR)   Coulomb (SR)      Potential
    2.51612e+02    5.38050e+01   -3.50980e+03    0.00000e+00   -3.20439e+03
 Pressure (bar)
    0.00000e+00

           Step           Time
            227      227.00000

           Step           Time
            228      228.00000

   Energies (kJ/mol)
           Bond          Angle        LJ (SR)   Coulomb (SR)      Potential
    2.50865e+02    5.29714e+01   -3.50999e+03    0.00000e+00   -3.20615e+03
 Pressure (bar)
    0.00000e+00

           Step           Time
            229      229.00000

   Energies (kJ/mol)
           Bond          Angle        LJ (SR)   Coulomb (SR)      Potential
    2.50941e+02    5.40936e+01   -3.51186e+03    0.00000e+00   -3.20683e+03
 Pressure (bar)
    0.00000e+00

           Step           Time
            230      230.00000

   Energies (kJ/mol)
           Bond          Angle        LJ (SR)   Coulomb (SR)      Potential
    2.49901e+02    5.33356e+01   -3.51199e+03    0.00000e+00   -3.20875e+03
 Pressure (bar)
    0.00000e+00

           Step           Time
            231      231.00000

           Step           Time
            232      232.00000

   Energies (kJ/mol)
           Bond          Angle        LJ (SR)   Coulomb (SR)      Potential
    2.50134e+02    5.27691e+01   -3.51282e+03    0.00000e+00   -3.20992e+03
 Pressure (bar)
    0.00000e+00

           Step           Time
            233      233.00000

   Energies (kJ/mol)
           Bond          Angle        LJ (SR)   Coulomb (SR)      Potential
    2.49191e+02    5.37698e+01   -3.51357e+03    0.00000e+00   -3.21061e+03
 Pressure (bar)
    0.00000e+00

           Step           Time
            234      234.00000

   Energies (kJ/mol)
           Bond          Angle        LJ (SR)   Coulomb (SR)      Potential
    2.49577e+02    5.29781e+01   -3.51454e+03    0.00000e+00   -3.21198e+03
 Pressure (bar)
    0.00000e+00

           Step           Time
            235      235.00000

           Step           Time
            236      236.00000

   Energies (kJ/mol)
           Bond          Angle        LJ (SR)   Coulomb (SR)      Potential
    2.48994e+02    5.26746e+01   -3.51481e+03    0.00000e+00   -3.21314e+03
 Pressure (bar)
    0.00000e+00

           Step           Time
            237      237.00000

   Energies (kJ/mol)
           Bond          Angle        LJ (SR)   Coulomb (SR)      Potential
    2.48986e+02    5.31082e+01   -3.51629e+03    0.00000e+00   -3.21419e+03
 Pressure (bar)
    0.00000e+00

           Step           Time
            238      238.00000

   Energies (kJ/mol)
           Bond          Angle        LJ (SR)   Coulomb (SR)      Potential
    2.48201e+02    5.28879e+01   -3.51654e+03    0.00000e+00   -3.21545e+03
 Pressure (bar)
    0.00000e+00

           Step           Time
            239      239.00000

   Energies (kJ/mol)
           Bond          Angle        LJ (SR)   Coulomb (SR)      Potential
    2.48519e+02    5.35872e+01   -3.51785e+03    0.00000e+00   -3.21574e+03
 Pressure (bar)
    0.00000e+00

           Step           Time
            240      240.00000

   Energies (kJ/mol)
           Bond          Angle        LJ (SR)   Coulomb (SR)      Potential
    2.47480e+02    5.34416e+01   -3.51799e+03    0.00000e+00   -3.21707e+03
 Pressure (bar)
    0.00000e+00

           Step           Time
            241      241.00000

           Step           Time
            242      242.00000

   Energies (kJ/mol)
           Bond          Angle        LJ (SR)   Coulomb (SR)      Potential
    2.47749e+02    5.23829e+01   -3.51873e+03    0.00000e+00   -3.21859e+03
 Pressure (bar)
    0.00000e+00

           Step           Time
            243      243.00000

   Energies (kJ/mol)
           Bond          Angle        LJ (SR)   Coulomb (SR)      Potential
    2.46633e+02    5.41129e+01   -3.52001e+03    0.00000e+00   -3.21926e+03
 Pressure (bar)
    0.00000e+00

           Step           Time
            244      244.00000

   Energies (kJ/mol)
           Bond          Angle        LJ (SR)   Coulomb (SR)      Potential
    2.47025e+02    5.24991e+01   -3.52090e+03    0.00000e+00   -3.22137e+03
 Pressure (bar)
    0.00000e+00

           Step           Time
            245      245.00000

           Step           Time
            246      246.00000

   Energies (kJ/mol)
           Bond          Angle        LJ (SR)   Coulomb (SR)      Potential
    2.46424e+02    5.25588e+01   -3.52128e+03    0.00000e+00   -3.22229e+03
 Pressure (bar)
    0.00000e+00

           Step           Time
            247      247.00000

   Energies (kJ/mol)
           Bond          Angle        LJ (SR)   Coulomb (SR)      Potential
    2.46592e+02    5.26583e+01   -3.52231e+03    0.00000e+00   -3.22306e+03
 Pressure (bar)
    0.00000e+00

           Step           Time
            248      248.00000

   Energies (kJ/mol)
           Bond          Angle        LJ (SR)   Coulomb (SR)      Potential
    2.45802e+02    5.29200e+01   -3.52263e+03    0.00000e+00   -3.22391e+03
 Pressure (bar)
    0.00000e+00

           Step           Time
            249      249.00000

   Energies (kJ/mol)
           Bond          Angle        LJ (SR)   Coulomb (SR)      Potential
    2.46202e+02    5.31406e+01   -3.52373e+03    0.00000e+00   -3.22439e+03
 Pressure (bar)
    0.00000e+00

           Step           Time
            250      250.00000

   Energies (kJ/mol)
           Bond          Angle        LJ (SR)   Coulomb (SR)      Potential
    2.45170e+02    5.36870e+01   -3.52389e+03    0.00000e+00   -3.22504e+03
 Pressure (bar)
    0.00000e+00

           Step           Time
            251      251.00000

           Step           Time
            252      252.00000

   Energies (kJ/mol)
           Bond          Angle        LJ (SR)   Coulomb (SR)      Potential
    2.45453e+02    5.20551e+01   -3.52457e+03    0.00000e+00   -3.22706e+03
 Pressure (bar)
    0.00000e+00

           Step           Time
            253      253.00000

   Energies (kJ/mol)
           Bond          Angle        LJ (SR)   Coulomb (SR)      Potential
    2.43957e+02    5.43358e+01   -3.52709e+03    0.00000e+00   -3.22879e+03
 Pressure (bar)
    0.00000e+00

           Step           Time
            254      254.00000

   Energies (kJ/mol)
           Bond          Angle        LJ (SR)   Coulomb (SR)      Potential
    2.44328e+02    5.21577e+01   -3.52795e+03    0.00000e+00   -3.23146e+03
 Pressure (bar)
    0.00000e+00

           Step           Time
            255      255.00000

           Step           Time
            256      256.00000

   Energies (kJ/mol)
           Bond          Angle        LJ (SR)   Coulomb (SR)      Potential
    2.43747e+02    5.23161e+01   -3.52834e+03    0.00000e+00   -3.23228e+03
 Pressure (bar)
    0.00000e+00

           Step           Time
            257      257.00000

   Energies (kJ/mol)
           Bond          Angle        LJ (SR)   Coulomb (SR)      Potential
    2.43959e+02    5.23678e+01   -3.52929e+03    0.00000e+00   -3.23296e+03
 Pressure (bar)
    0.00000e+00

           Step           Time
            258      258.00000

   Energies (kJ/mol)
           Bond          Angle        LJ (SR)   Coulomb (SR)      Potential
    2.43177e+02    5.27523e+01   -3.52958e+03    0.00000e+00   -3.23366e+03
 Pressure (bar)
    0.00000e+00

           Step           Time
            259      259.00000

   Energies (kJ/mol)
           Bond          Angle        LJ (SR)   Coulomb (SR)      Potential
    2.43628e+02    5.29399e+01   -3.53063e+03    0.00000e+00   -3.23406e+03
 Pressure (bar)
    0.00000e+00

           Step           Time
            260      260.00000

   Energies (kJ/mol)
           Bond          Angle        LJ (SR)   Coulomb (SR)      Potential
    2.42592e+02    5.36475e+01   -3.53075e+03    0.00000e+00   -3.23452e+03
 Pressure (bar)
    0.00000e+00

           Step           Time
            261      261.00000

           Step           Time
            262      262.00000

   Energies (kJ/mol)
           Bond          Angle        LJ (SR)   Coulomb (SR)      Potential
    2.42895e+02    5.17354e+01   -3.53143e+03    0.00000e+00   -3.23680e+03
 Pressure (bar)
    0.00000e+00

           Step           Time
            263      263.00000

   Energies (kJ/mol)
           Bond          Angle        LJ (SR)   Coulomb (SR)      Potential
    2.41443e+02    5.42872e+01   -3.53397e+03    0.00000e+00   -3.23824e+03
 Pressure (bar)
    0.00000e+00

           Step           Time
            264      264.00000

   Energies (kJ/mol)
           Bond          Angle        LJ (SR)   Coulomb (SR)      Potential
    2.41820e+02    5.18995e+01   -3.53482e+03    0.00000e+00   -3.24110e+03
 Pressure (bar)
    0.00000e+00

           Step           Time
            265      265.00000

           Step           Time
            266      266.00000

   Energies (kJ/mol)
           Bond          Angle        LJ (SR)   Coulomb (SR)      Potential
    2.41247e+02    5.20483e+01   -3.53517e+03    0.00000e+00   -3.24187e+03
 Pressure (bar)
    0.00000e+00

           Step           Time
            267      267.00000

   Energies (kJ/mol)
           Bond          Angle        LJ (SR)   Coulomb (SR)      Potential
    2.41501e+02    5.21760e+01   -3.53609e+03    0.00000e+00   -3.24242e+03
 Pressure (bar)
    0.00000e+00

           Step           Time
            268      268.00000

   Energies (kJ/mol)
           Bond          Angle        LJ (SR)   Coulomb (SR)      Potential
    2.40713e+02    5.25408e+01   -3.53632e+03    0.00000e+00   -3.24306e+03
 Pressure (bar)
    0.00000e+00

           Step           Time
            269      269.00000

   Energies (kJ/mol)
           Bond          Angle        LJ (SR)   Coulomb (SR)      Potential
    2.41225e+02    5.28819e+01   -3.53735e+03    0.00000e+00   -3.24324e+03
 Pressure (bar)
    0.00000e+00

           Step           Time
            270      270.00000

   Energies (kJ/mol)
           Bond          Angle        LJ (SR)   Coulomb (SR)      Potential
    2.40162e+02    5.35441e+01   -3.53741e+03    0.00000e+00   -3.24371e+03
 Pressure (bar)
    0.00000e+00

           Step           Time
            271      271.00000

           Step           Time
            272      272.00000

   Energies (kJ/mol)
           Bond          Angle        LJ (SR)   Coulomb (SR)      Potential
    2.40496e+02    5.14472e+01   -3.53809e+03    0.00000e+00   -3.24615e+03
 Pressure (bar)
    0.00000e+00

           Step           Time
            273      273.00000

   Energies (kJ/mol)
           Bond          Angle        LJ (SR)   Coulomb (SR)      Potential
    2.39222e+02    5.44729e+01   -3.54010e+03    0.00000e+00   -3.24640e+03
 Pressure (bar)
    0.00000e+00

           Step           Time
            274      274.00000

   Energies (kJ/mol)
           Bond          Angle        LJ (SR)   Coulomb (SR)      Potential
    2.39637e+02    5.16866e+01   -3.54096e+03    0.00000e+00   -3.24964e+03
 Pressure (bar)
    0.00000e+00

           Step           Time
            275      275.00000

           Step           Time
            276      276.00000

   Energies (kJ/mol)
           Bond          Angle        LJ (SR)   Coulomb (SR)      Potential
    2.39056e+02    5.18555e+01   -3.54125e+03    0.00000e+00   -3.25034e+03
 Pressure (bar)
    0.00000e+00

           Step           Time
            277      277.00000

   Energies (kJ/mol)
           Bond          Angle        LJ (SR)   Coulomb (SR)      Potential
    2.39358e+02    5.20191e+01   -3.54216e+03    0.00000e+00   -3.25078e+03
 Pressure (bar)
    0.00000e+00

           Step           Time
            278      278.00000

   Energies (kJ/mol)
           Bond          Angle        LJ (SR)   Coulomb (SR)      Potential
    2.38550e+02    5.24273e+01   -3.54234e+03    0.00000e+00   -3.25136e+03
 Pressure (bar)
    0.00000e+00

           Step           Time
            279      279.00000

           Step           Time
            280      280.00000

   Energies (kJ/mol)
           Bond          Angle        LJ (SR)   Coulomb (SR)      Potential
    2.38783e+02    5.12111e+01   -3.54289e+03    0.00000e+00   -3.25289e+03
 Pressure (bar)
    0.00000e+00

           Step           Time
            281      281.00000

   Energies (kJ/mol)
           Bond          Angle        LJ (SR)   Coulomb (SR)      Potential
    2.37565e+02    5.30386e+01   -3.54498e+03    0.00000e+00   -3.25438e+03
 Pressure (bar)
    0.00000e+00

           Step           Time
            282      282.00000

   Energies (kJ/mol)
           Bond          Angle        LJ (SR)   Coulomb (SR)      Potential
    2.37901e+02    5.12269e+01   -3.54567e+03    0.00000e+00   -3.25655e+03
 Pressure (bar)
    0.00000e+00

           Step           Time
            283      283.00000

           Step           Time
            284      284.00000

   Energies (kJ/mol)
           Bond          Angle        LJ (SR)   Coulomb (SR)      Potential
    2.37403e+02    5.14752e+01   -3.54609e+03    0.00000e+00   -3.25721e+03
 Pressure (bar)
    0.00000e+00

           Step           Time
            285      285.00000

   Energies (kJ/mol)
           Bond          Angle        LJ (SR)   Coulomb (SR)      Potential
    2.37603e+02    5.13687e+01   -3.54682e+03    0.00000e+00   -3.25785e+03
 Pressure (bar)
    0.00000e+00

           Step           Time
            286      286.00000

   Energies (kJ/mol)
           Bond          Angle        LJ (SR)   Coulomb (SR)      Potential
    2.36951e+02    5.18198e+01   -3.54712e+03    0.00000e+00   -3.25835e+03
 Pressure (bar)
    0.00000e+00

           Step           Time
            287      287.00000

   Energies (kJ/mol)
           Bond          Angle        LJ (SR)   Coulomb (SR)      Potential
    2.37341e+02    5.17682e+01   -3.54797e+03    0.00000e+00   -3.25886e+03
 Pressure (bar)
    0.00000e+00

           Step           Time
            288      288.00000

   Energies (kJ/mol)
           Bond          Angle        LJ (SR)   Coulomb (SR)      Potential
    2.36481e+02    5.25140e+01   -3.54811e+03    0.00000e+00   -3.25911e+03
 Pressure (bar)
    0.00000e+00

           Step           Time
            289      289.00000

   Energies (kJ/mol)
           Bond          Angle        LJ (SR)   Coulomb (SR)      Potential
    2.37143e+02    5.27410e+01   -3.54910e+03    0.00000e+00   -3.25921e+03
 Pressure (bar)
    0.00000e+00

           Step           Time
            290      290.00000

           Step           Time
            291      291.00000

   Energies (kJ/mol)
           Bond          Angle        LJ (SR)   Coulomb (SR)      Potential
    2.36468e+02    5.09876e+01   -3.54913e+03    0.00000e+00   -3.26167e+03
 Pressure (bar)
    0.00000e+00

           Step           Time
            292      292.00000

   Energies (kJ/mol)
           Bond          Angle        LJ (SR)   Coulomb (SR)      Potential
    2.36236e+02    5.27225e+01   -3.55231e+03    0.00000e+00   -3.26336e+03
 Pressure (bar)
    0.00000e+00

           Step           Time
            293      293.00000

   Energies (kJ/mol)
           Bond          Angle        LJ (SR)   Coulomb (SR)      Potential
    2.35244e+02    5.10819e+01   -3.55230e+03    0.00000e+00   -3.26597e+03
 Pressure (bar)
    0.00000e+00

           Step           Time
            294      294.00000

           Step           Time
            295      295.00000

   Energies (kJ/mol)
           Bond          Angle        LJ (SR)   Coulomb (SR)      Potential
    2.35528e+02    5.14322e+01   -3.55324e+03    0.00000e+00   -3.26628e+03
 Pressure (bar)
    0.00000e+00

           Step           Time
            296      296.00000

   Energies (kJ/mol)
           Bond          Angle        LJ (SR)   Coulomb (SR)      Potential
    2.34811e+02    5.13155e+01   -3.55336e+03    0.00000e+00   -3.26723e+03
 Pressure (bar)
    0.00000e+00

           Step           Time
            297      297.00000

           Step           Time
            298      298.00000

   Energies (kJ/mol)
           Bond          Angle        LJ (SR)   Coulomb (SR)      Potential
    2.35019e+02    5.07724e+01   -3.55388e+03    0.00000e+00   -3.26808e+03
 Pressure (bar)
    0.00000e+00

           Step           Time
            299      299.00000

   Energies (kJ/mol)
           Bond          Angle        LJ (SR)   Coulomb (SR)      Potential
    2.34349e+02    5.15976e+01   -3.55460e+03    0.00000e+00   -3.26865e+03
 Pressure (bar)
    0.00000e+00

           Step           Time
            300      300.00000

   Energies (kJ/mol)
           Bond          Angle        LJ (SR)   Coulomb (SR)      Potential
    2.34652e+02    5.08764e+01   -3.55522e+03    0.00000e+00   -3.26969e+03
 Pressure (bar)
    0.00000e+00

           Step           Time
            301      301.00000

           Step           Time
            302      302.00000

   Energies (kJ/mol)
           Bond          Angle        LJ (SR)   Coulomb (SR)      Potential
    2.34258e+02    5.08165e+01   -3.55545e+03    0.00000e+00   -3.27037e+03
 Pressure (bar)
    0.00000e+00

           Step           Time
            303      303.00000

   Energies (kJ/mol)
           Bond          Angle        LJ (SR)   Coulomb (SR)      Potential
    2.34356e+02    5.09866e+01   -3.55632e+03    0.00000e+00   -3.27098e+03
 Pressure (bar)
    0.00000e+00

           Step           Time
            304      304.00000

   Energies (kJ/mol)
           Bond          Angle        LJ (SR)   Coulomb (SR)      Potential
    2.33824e+02    5.09719e+01   -3.55652e+03    0.00000e+00   -3.27172e+03
 Pressure (bar)
    0.00000e+00

           Step           Time
            305      305.00000

   Energies (kJ/mol)
           Bond          Angle        LJ (SR)   Coulomb (SR)      Potential
    2.34109e+02    5.12976e+01   -3.55737e+03    0.00000e+00   -3.27196e+03
 Pressure (bar)
    0.00000e+00

           Step           Time
            306      306.00000

   Energies (kJ/mol)
           Bond          Angle        LJ (SR)   Coulomb (SR)      Potential
    2.33393e+02    5.13378e+01   -3.55749e+03    0.00000e+00   -3.27276e+03
 Pressure (bar)
    0.00000e+00

           Step           Time
            307      307.00000

           Step           Time
            308      308.00000

   Energies (kJ/mol)
           Bond          Angle        LJ (SR)   Coulomb (SR)      Potential
    2.33613e+02    5.05998e+01   -3.55799e+03    0.00000e+00   -3.27377e+03
 Pressure (bar)
    0.00000e+00

           Step           Time
            309      309.00000

   Energies (kJ/mol)
           Bond          Angle        LJ (SR)   Coulomb (SR)      Potential
    2.32869e+02    5.17234e+01   -3.55891e+03    0.00000e+00   -3.27432e+03
 Pressure (bar)
    0.00000e+00

           Step           Time
            310      310.00000

   Energies (kJ/mol)
           Bond          Angle        LJ (SR)   Coulomb (SR)      Potential
    2.33189e+02    5.06884e+01   -3.55952e+03    0.00000e+00   -3.27564e+03
 Pressure (bar)
    0.00000e+00

           Step           Time
            311      311.00000

           Step           Time
            312      312.00000

   Energies (kJ/mol)
           Bond          Angle        LJ (SR)   Coulomb (SR)      Potential
    2.32778e+02    5.07341e+01   -3.55977e+03    0.00000e+00   -3.27626e+03
 Pressure (bar)
    0.00000e+00

           Step           Time
            313      313.00000

   Energies (kJ/mol)
           Bond          Angle        LJ (SR)   Coulomb (SR)      Potential
    2.32941e+02    5.08148e+01   -3.56052e+03    0.00000e+00   -3.27676e+03
 Pressure (bar)
    0.00000e+00

           Step           Time
            314      314.00000

   Energies (kJ/mol)
           Bond          Angle        LJ (SR)   Coulomb (SR)      Potential
    2.32389e+02    5.09516e+01   -3.56072e+03    0.00000e+00   -3.27738e+03
 Pressure (bar)
    0.00000e+00

           Step           Time
            315      315.00000

   Energies (kJ/mol)
           Bond          Angle        LJ (SR)   Coulomb (SR)      Potential
    2.32728e+02    5.11589e+01   -3.56151e+03    0.00000e+00   -3.27762e+03
 Pressure (bar)
    0.00000e+00

           Step           Time
            316      316.00000

   Energies (kJ/mol)
           Bond          Angle        LJ (SR)   Coulomb (SR)      Potential
    2.31985e+02    5.14167e+01   -3.56162e+03    0.00000e+00   -3.27821e+03
 Pressure (bar)
    0.00000e+00

           Step           Time
            317      317.00000

           Step           Time
            318      318.00000

   Energies (kJ/mol)
           Bond          Angle        LJ (SR)   Coulomb (SR)      Potential
    2.32228e+02    5.04414e+01   -3.56209e+03    0.00000e+00   -3.27942e+03
 Pressure (bar)
    0.00000e+00

           Step           Time
            319      319.00000

   Energies (kJ/mol)
           Bond          Angle        LJ (SR)   Coulomb (SR)      Potential
    2.31381e+02    5.19260e+01   -3.56333e+03    0.00000e+00   -3.28003e+03
 Pressure (bar)
    0.00000e+00

           Step           Time
            320      320.00000

   Energies (kJ/mol)
           Bond          Angle        LJ (SR)   Coulomb (SR)      Potential
    2.31720e+02    5.05160e+01   -3.56393e+03    0.00000e+00   -3.28169e+03
 Pressure (bar)
    0.00000e+00

           Step           Time
            321      321.00000

           Step           Time
            322      322.00000

   Energies (kJ/mol)
           Bond          Angle        LJ (SR)   Coulomb (SR)      Potential
    2.31294e+02    5.06790e+01   -3.56422e+03    0.00000e+00   -3.28224e+03
 Pressure (bar)
    0.00000e+00

           Step           Time
            323      323.00000

   Energies (kJ/mol)
           Bond          Angle        LJ (SR)   Coulomb (SR)      Potential
    2.31503e+02    5.06622e+01   -3.56488e+03    0.00000e+00   -3.28271e+03
 Pressure (bar)
    0.00000e+00

           Step           Time
            324      324.00000

   Energies (kJ/mol)
           Bond          Angle        LJ (SR)   Coulomb (SR)      Potential
    2.30931e+02    5.09620e+01   -3.56509e+03    0.00000e+00   -3.28320e+03
 Pressure (bar)
    0.00000e+00

           Step           Time
            325      325.00000

   Energies (kJ/mol)
           Bond          Angle        LJ (SR)   Coulomb (SR)      Potential
    2.31321e+02    5.10486e+01   -3.56584e+03    0.00000e+00   -3.28347e+03
 Pressure (bar)
    0.00000e+00

           Step           Time
            326      326.00000

   Energies (kJ/mol)
           Bond          Angle        LJ (SR)   Coulomb (SR)      Potential
    2.30551e+02    5.15361e+01   -3.56594e+03    0.00000e+00   -3.28385e+03
 Pressure (bar)
    0.00000e+00

           Step           Time
            327      327.00000

           Step           Time
            328      328.00000

   Energies (kJ/mol)
           Bond          Angle        LJ (SR)   Coulomb (SR)      Potential
    2.30815e+02    5.02997e+01   -3.56640e+03    0.00000e+00   -3.28529e+03
 Pressure (bar)
    0.00000e+00

           Step           Time
            329      329.00000

   Energies (kJ/mol)
           Bond          Angle        LJ (SR)   Coulomb (SR)      Potential
    2.29844e+02    5.22166e+01   -3.56804e+03    0.00000e+00   -3.28598e+03
 Pressure (bar)
    0.00000e+00

           Step           Time
            330      330.00000

   Energies (kJ/mol)
           Bond          Angle        LJ (SR)   Coulomb (SR)      Potential
    2.30196e+02    5.03622e+01   -3.56864e+03    0.00000e+00   -3.28808e+03
 Pressure (bar)
    0.00000e+00

           Step           Time
            331      331.00000

           Step           Time
            332      332.00000

   Energies (kJ/mol)
           Bond          Angle        LJ (SR)   Coulomb (SR)      Potential
    2.29759e+02    5.06482e+01   -3.56895e+03    0.00000e+00   -3.28855e+03
 Pressure (bar)
    0.00000e+00

           Step           Time
            333      333.00000

   Energies (kJ/mol)
           Bond          Angle        LJ (SR)   Coulomb (SR)      Potential
    2.30006e+02    5.05347e+01   -3.56957e+03    0.00000e+00   -3.28903e+03
 Pressure (bar)
    0.00000e+00

           Step           Time
            334      334.00000

   Energies (kJ/mol)
           Bond          Angle        LJ (SR)   Coulomb (SR)      Potential
    2.29418e+02    5.10022e+01   -3.56979e+03    0.00000e+00   -3.28937e+03
 Pressure (bar)
    0.00000e+00

           Step           Time
            335      335.00000

   Energies (kJ/mol)
           Bond          Angle        LJ (SR)   Coulomb (SR)      Potential
    2.29856e+02    5.09748e+01   -3.57051e+03    0.00000e+00   -3.28968e+03
 Pressure (bar)
    0.00000e+00

           Step           Time
            336      336.00000

   Energies (kJ/mol)
           Bond          Angle        LJ (SR)   Coulomb (SR)      Potential
    2.29057e+02    5.16953e+01   -3.57057e+03    0.00000e+00   -3.28982e+03
 Pressure (bar)
    0.00000e+00

           Step           Time
            337      337.00000

           Step           Time
            338      338.00000

   Energies (kJ/mol)
           Bond          Angle        LJ (SR)   Coulomb (SR)      Potential
    2.29344e+02    5.01764e+01   -3.57105e+03    0.00000e+00   -3.29153e+03
 Pressure (bar)
    0.00000e+00

           Step           Time
            339      339.00000

   Energies (kJ/mol)
           Bond          Angle        LJ (SR)   Coulomb (SR)      Potential
    2.28304e+02    5.23103e+01   -3.57306e+03    0.00000e+00   -3.29244e+03
 Pressure (bar)
    0.00000e+00

           Step           Time
            340      340.00000

   Energies (kJ/mol)
           Bond          Angle        LJ (SR)   Coulomb (SR)      Potential
    2.28673e+02    5.03084e+01   -3.57367e+03    0.00000e+00   -3.29468e+03
 Pressure (bar)
    0.00000e+00

           Step           Time
            341      341.00000

           Step           Time
            342      342.00000

   Energies (kJ/mol)
           Bond          Angle        LJ (SR)   Coulomb (SR)      Potential
    2.28240e+02    5.05303e+01   -3.57392e+03    0.00000e+00   -3.29515e+03
 Pressure (bar)
    0.00000e+00

           Step           Time
            343      343.00000

   Energies (kJ/mol)
           Bond          Angle        LJ (SR)   Coulomb (SR)      Potential
    2.28524e+02    5.05486e+01   -3.57456e+03    0.00000e+00   -3.29549e+03
 Pressure (bar)
    0.00000e+00

           Step           Time
            344      344.00000

   Energies (kJ/mol)
           Bond          Angle        LJ (SR)   Coulomb (SR)      Potential
    2.27914e+02    5.09168e+01   -3.57471e+03    0.00000e+00   -3.29588e+03
 Pressure (bar)
    0.00000e+00

           Step           Time
            345      345.00000

   Energies (kJ/mol)
           Bond          Angle        LJ (SR)   Coulomb (SR)      Potential
    2.28416e+02    5.11095e+01   -3.57544e+03    0.00000e+00   -3.29592e+03
 Pressure (bar)
    0.00000e+00

           Step           Time
            346      346.00000

   Energies (kJ/mol)
           Bond          Angle        LJ (SR)   Coulomb (SR)      Potential
    2.27567e+02    5.16799e+01   -3.57546e+03    0.00000e+00   -3.29622e+03
 Pressure (bar)
    0.00000e+00

           Step           Time
            347      347.00000

           Step           Time
            348      348.00000

   Energies (kJ/mol)
           Bond          Angle        LJ (SR)   Coulomb (SR)      Potential
    2.27892e+02    5.00901e+01   -3.57595e+03    0.00000e+00   -3.29797e+03
 Pressure (bar)
    0.00000e+00

           Step           Time
            349      349.00000

           Step           Time
            350      350.00000

   Energies (kJ/mol)
           Bond          Angle        LJ (SR)   Coulomb (SR)      Potential
    2.27426e+02    5.06036e+01   -3.57664e+03    0.00000e+00   -3.29861e+03
 Pressure (bar)
    0.00000e+00

           Step           Time
            351      351.00000

   Energies (kJ/mol)
           Bond          Angle        LJ (SR)   Coulomb (SR)      Potential
    2.27630e+02    5.01156e+01   -3.57709e+03    0.00000e+00   -3.29935e+03
 Pressure (bar)
    0.00000e+00

           Step           Time
            352      352.00000

   Energies (kJ/mol)
           Bond          Angle        LJ (SR)   Coulomb (SR)      Potential
    2.27100e+02    5.08879e+01   -3.57754e+03    0.00000e+00   -3.29956e+03
 Pressure (bar)
    0.00000e+00

           Step           Time
            353      353.00000

   Energies (kJ/mol)
           Bond          Angle        LJ (SR)   Coulomb (SR)      Potential
    2.27442e+02    5.03013e+01   -3.57810e+03    0.00000e+00   -3.30036e+03
 Pressure (bar)
    0.00000e+00

           Step           Time
            354      354.00000

           Step           Time
            355      355.00000

   Energies (kJ/mol)
           Bond          Angle        LJ (SR)   Coulomb (SR)      Potential
    2.27081e+02    5.01476e+01   -3.57825e+03    0.00000e+00   -3.30102e+03
 Pressure (bar)
    0.00000e+00

           Step           Time
            356      356.00000

   Energies (kJ/mol)
           Bond          Angle        LJ (SR)   Coulomb (SR)      Potential
    2.27243e+02    5.04615e+01   -3.57912e+03    0.00000e+00   -3.30142e+03
 Pressure (bar)
    0.00000e+00

           Step           Time
            357      357.00000

   Energies (kJ/mol)
           Bond          Angle        LJ (SR)   Coulomb (SR)      Potential
    2.26728e+02    5.03191e+01   -3.57923e+03    0.00000e+00   -3.30218e+03
 Pressure (bar)
    0.00000e+00

           Step           Time
            358      358.00000

           Step           Time
            359      359.00000

   Energies (kJ/mol)
           Bond          Angle        LJ (SR)   Coulomb (SR)      Potential
    2.26894e+02    5.00377e+01   -3.57965e+03    0.00000e+00   -3.30271e+03
 Pressure (bar)
    0.00000e+00

           Step           Time
            360      360.00000

   Energies (kJ/mol)
           Bond          Angle        LJ (SR)   Coulomb (SR)      Potential
    2.26441e+02    5.04912e+01   -3.58009e+03    0.00000e+00   -3.30316e+03
 Pressure (bar)
    0.00000e+00

           Step           Time
            361      361.00000

   Energies (kJ/mol)
           Bond          Angle        LJ (SR)   Coulomb (SR)      Potential
    2.26703e+02    5.01299e+01   -3.58059e+03    0.00000e+00   -3.30375e+03
 Pressure (bar)
    0.00000e+00

           Step           Time
            362      362.00000

   Energies (kJ/mol)
           Bond          Angle        LJ (SR)   Coulomb (SR)      Potential
    2.26157e+02    5.08055e+01   -3.58088e+03    0.00000e+00   -3.30391e+03
 Pressure (bar)
    0.00000e+00

           Step           Time
            363      363.00000

   Energies (kJ/mol)
           Bond          Angle        LJ (SR)   Coulomb (SR)      Potential
    2.26565e+02    5.04019e+01   -3.58148e+03    0.00000e+00   -3.30451e+03
 Pressure (bar)
    0.00000e+00

           Step           Time
            364      364.00000

           Step           Time
            365      365.00000

   Energies (kJ/mol)
           Bond          Angle        LJ (SR)   Coulomb (SR)      Potential
    2.26175e+02    5.00582e+01   -3.58158e+03    0.00000e+00   -3.30535e+03
 Pressure (bar)
    0.00000e+00

           Step           Time
            366      366.00000

   Energies (kJ/mol)
           Bond          Angle        LJ (SR)   Coulomb (SR)      Potential
    2.26310e+02    5.05927e+01   -3.58275e+03    0.00000e+00   -3.30585e+03
 Pressure (bar)
    0.00000e+00

           Step           Time
            367      367.00000

   Energies (kJ/mol)
           Bond          Angle        LJ (SR)   Coulomb (SR)      Potential
    2.25753e+02    5.02064e+01   -3.58282e+03    0.00000e+00   -3.30686e+03
 Pressure (bar)
    0.00000e+00

           Step           Time
            368      368.00000

           Step           Time
            369      369.00000

   Energies (kJ/mol)
           Bond          Angle        LJ (SR)   Coulomb (SR)      Potential
    2.25936e+02    5.00357e+01   -3.58329e+03    0.00000e+00   -3.30732e+03
 Pressure (bar)
    0.00000e+00

           Step           Time
            370      370.00000

   Energies (kJ/mol)
           Bond          Angle        LJ (SR)   Coulomb (SR)      Potential
    2.25495e+02    5.03806e+01   -3.58358e+03    0.00000e+00   -3.30771e+03
 Pressure (bar)
    0.00000e+00

           Step           Time
            371      371.00000

   Energies (kJ/mol)
           Bond          Angle        LJ (SR)   Coulomb (SR)      Potential
    2.25793e+02    5.01911e+01   -3.58413e+03    0.00000e+00   -3.30815e+03
 Pressure (bar)
    0.00000e+00

           Step           Time
            372      372.00000

   Energies (kJ/mol)
           Bond          Angle        LJ (SR)   Coulomb (SR)      Potential
    2.25226e+02    5.07021e+01   -3.58433e+03    0.00000e+00   -3.30840e+03
 Pressure (bar)
    0.00000e+00

           Step           Time
            373      373.00000

   Energies (kJ/mol)
           Bond          Angle        LJ (SR)   Coulomb (SR)      Potential
    2.25691e+02    5.05677e+01   -3.58496e+03    0.00000e+00   -3.30870e+03
 Pressure (bar)
    0.00000e+00

           Step           Time
            374      374.00000

   Energies (kJ/mol)
           Bond          Angle        LJ (SR)   Coulomb (SR)      Potential
    2.24936e+02    5.13233e+01   -3.58503e+03    0.00000e+00   -3.30877e+03
 Pressure (bar)
    0.00000e+00

           Step           Time
            375      375.00000

           Step           Time
            376      376.00000

   Energies (kJ/mol)
           Bond          Angle        LJ (SR)   Coulomb (SR)      Potential
    2.25231e+02    4.99334e+01   -3.58545e+03    0.00000e+00   -3.31029e+03
 Pressure (bar)
    0.00000e+00


Steepest Descents converged to Fmax < 10 in 377 steps
Potential Energy  = -3.3102859e+03
Maximum force     =  8.3172483e+00 on atom 125
Norm of force     =  1.1891880e+00
Finished mdrun on rank 0 Sun Feb 27 02:33:10 2022
